<?xml version="1.0" encoding="UTF-8"?>

<LWM2M xmlns:xsi="http://www.w3.org/2001/XMLSchema-instance"
       xsi:noNamespaceSchemaLocation="http://www.openmobilealliance.org/tech/profiles/LWM2M-v1_1.xsd">
    <Object ObjectType="MODefinition">
        <Name>LwM2M Monitoring</Name>
        <Description1>
            <![CDATA[]]></Description1>
        <ObjectID>3</ObjectID>
        <ObjectURN>urn:oma:lwm2m:oma:3:1.0</ObjectURN>
        <LWM2MVersion>1.1</LWM2MVersion>
        <ObjectVersion>1.0</ObjectVersion>
        <MultipleInstances>Single</MultipleInstances>
        <Mandatory>Mandatory</Mandatory>
        <Resources>
            <Item ID="0">
                <Name>Test data</Name>
                <Operations>R</Operations>
                <MultipleInstances>Single</MultipleInstances>
                <Mandatory>Optional</Mandatory>
                <Type>String</Type>
                <RangeEnumeration></RangeEnumeration>
                <Units></Units>
                <Description><![CDATA[Test data]]></Description>
            </Item>
        </Resources>
        <Description2></Description2>
    </Object>
</LWM2M>
